[0706/191736.778:ERROR:process_memory_win.cc(73)] ReadMemory at 0x1bd00135dd0 of 72 bytes failed: Only part of a ReadProcessMemory or WriteProcessMemory request was completed. (0x12B)
[0706/191736.842:WARNING:pe_image_annotations_reader.cc(134)] could not read annotations list object in C:\Program Files (x86)\Google\Chrome\Application\83.0.4103.116\chrome.dll
[0706/191736.842:ERROR:process_memory_win.cc(73)] ReadMemory at 0x7ffea3c80000 of 64 bytes failed: Only part of a ReadProcessMemory or WriteProcessMemory request was completed. (0x12B)
[0706/191736.842:WARNING:pe_image_reader.cc(340)] could not read dos header from C:\WINDOWS\System32\WS2_32.dll
[0706/191736.842:ERROR:process_memory_win.cc(73)] ReadMemory at 0x7ffea4e50000 of 64 bytes failed: Only part of a ReadProcessMemory or WriteProcessMemory request was completed. (0x12B)
[0706/191736.842:WARNING:pe_image_reader.cc(340)] could not read dos header from C:\WINDOWS\System32\OLEAUT32.dll
[0706/191736.842:ERROR:process_memory_win.cc(73)] ReadMemory at 0x7ffea3ac0000 of 64 bytes failed: Only part of a ReadProcessMemory or WriteProcessMemory request was completed. (0x12B)
[0706/191736.842:WARNING:pe_image_reader.cc(340)] could not read dos header from C:\WINDOWS\System32\msvcp_win.dll
[0706/191736.842:ERROR:process_memory_win.cc(73)] ReadMemory at 0x7ffea2fe0000 of 64 bytes failed: Only part of a ReadProcessMemory or WriteProcessMemory request was completed. (0x12B)
[0706/191736.842:WARNING:pe_image_reader.cc(340)] could not read dos header from C:\WINDOWS\System32\ucrtbase.dll
[0706/191736.842:ERROR:process_memory_win.cc(73)] ReadMemory at 0x7ffea48f0000 of 64 bytes failed: Only part of a ReadProcessMemory or WriteProcessMemory request was completed. (0x12B)
[0706/191736.842:WARNING:pe_image_reader.cc(340)] could not read dos header from C:\WINDOWS\System32\combase.dll
[0706/191736.842:ERROR:process_memory_win.cc(73)] ReadMemory at 0x7ffea39b0000 of 64 bytes failed: Only part of a ReadProcessMemory or WriteProcessMemory request was completed. (0x12B)
[0706/191736.842:WARNING:pe_image_reader.cc(340)] could not read dos header from C:\WINDOWS\System32\WINTRUST.dll
[0706/191736.842:ERROR:process_memory_win.cc(73)] ReadMemory at 0x7ffea2a30000 of 64 bytes failed: Only part of a ReadProcessMemory or WriteProcessMemory request was completed. (0x12B)
[0706/191736.842:WARNING:pe_image_reader.cc(340)] could not read dos header from C:\WINDOWS\System32\MSASN1.dll
[0706/191736.842:ERROR:process_memory_win.cc(73)] ReadMemory at 0x7ffea3860000 of 64 bytes failed: Only part of a ReadProcessMemory or WriteProcessMemory request was completed. (0x12B)
[0706/191736.842:WARNING:pe_image_reader.cc(340)] could not read dos header from C:\WINDOWS\System32\CRYPT32.dll
[0706/191736.842:ERROR:process_memory_win.cc(73)] ReadMemory at 0x7ffea1ed0000 of 64 bytes failed: Only part of a ReadProcessMemory or WriteProcessMemory request was completed. (0x12B)
[0706/191736.842:WARNING:pe_image_reader.cc(340)] could not read dos header from C:\WINDOWS\SYSTEM32\IPHLPAPI.DLL
[0706/191736.842:ERROR:process_memory_win.cc(73)] ReadMemory at 0x7ffea0320000 of 64 bytes failed: Only part of a ReadProcessMemory or WriteProcessMemory request was completed. (0x12B)
[0706/191736.842:WARNING:pe_image_reader.cc(340)] could not read dos header from C:\WINDOWS\SYSTEM32\WINMM.dll
[0706/191736.842:ERROR:process_memory_win.cc(73)] ReadMemory at 0x7ffe95cb0000 of 64 bytes failed: Only part of a ReadProcessMemory or WriteProcessMemory request was completed. (0x12B)
[0706/191736.842:WARNING:pe_image_reader.cc(340)] could not read dos header from C:\WINDOWS\SYSTEM32\Secur32.dll
[0706/191736.842:ERROR:process_memory_win.cc(73)] ReadMemory at 0x7ffea28d0000 of 64 bytes failed: Only part of a ReadProcessMemory or WriteProcessMemory request was completed. (0x12B)
[0706/191736.842:WARNING:pe_image_reader.cc(340)] could not read dos header from C:\WINDOWS\SYSTEM32\USERENV.dll
[0706/191736.842:ERROR:process_memory_win.cc(73)] ReadMemory at 0x7ffea2a50000 of 64 bytes failed: Only part of a ReadProcessMemory or WriteProcessMemory request was completed. (0x12B)
[0706/191736.842:WARNING:pe_image_reader.cc(340)] could not read dos header from C:\WINDOWS\System32\profapi.dll
[0706/191736.842:ERROR:process_memory_win.cc(73)] ReadMemory at 0x7ffe86970000 of 64 bytes failed: Only part of a ReadProcessMemory or WriteProcessMemory request was completed. (0x12B)
[0706/191736.842:WARNING:pe_image_reader.cc(340)] could not read dos header from C:\WINDOWS\SYSTEM32\UIAutomationCore.DLL
[0706/191736.842:ERROR:process_memory_win.cc(73)] ReadMemory at 0x7ffe87bd0000 of 64 bytes failed: Only part of a ReadProcessMemory or WriteProcessMemory request was completed. (0x12B)
[0706/191736.842:WARNING:pe_image_reader.cc(340)] could not read dos header from C:\WINDOWS\SYSTEM32\DWrite.dll
[0706/191736.842:ERROR:process_memory_win.cc(73)] ReadMemory at 0x7ffe95800000 of 64 bytes failed: Only part of a ReadProcessMemory or WriteProcessMemory request was completed. (0x12B)
[0706/191736.842:WARNING:pe_image_reader.cc(340)] could not read dos header from C:\WINDOWS\SYSTEM32\WINSPOOL.DRV
[0706/191736.842:ERROR:process_memory_win.cc(73)] ReadMemory at 0x7ffea29c0000 of 64 bytes failed: Only part of a ReadProcessMemory or WriteProcessMemory request was completed. (0x12B)
[0706/191736.842:WARNING:pe_image_reader.cc(340)] could not read dos header from C:\WINDOWS\System32\kernel.appcore.dll
[0706/191736.842:ERROR:process_memory_win.cc(73)] ReadMemory at 0x7ffea3b60000 of 64 bytes failed: Only part of a ReadProcessMemory or WriteProcessMemory request was completed. (0x12B)
[0706/191736.842:WARNING:pe_image_reader.cc(340)] could not read dos header from C:\WINDOWS\System32\bcrypt.dll
[0706/191736.842:ERROR:process_memory_win.cc(73)] ReadMemory at 0x7ffea1250000 of 64 bytes failed: Only part of a ReadProcessMemory or WriteProcessMemory request was completed. (0x12B)
[0706/191736.842:WARNING:pe_image_reader.cc(340)] could not read dos header from C:\WINDOWS\SYSTEM32\dbghelp.dll
[0706/191736.842:ERROR:process_memory_win.cc(73)] ReadMemory at 0x7ffe961b0000 of 64 bytes failed: Only part of a ReadProcessMemory or WriteProcessMemory request was completed. (0x12B)
[0706/191736.842:WARNING:pe_image_reader.cc(340)] could not read dos header from C:\WINDOWS\SYSTEM32\WINHTTP.dll
[0706/191736.850:ERROR:process_memory_win.cc(73)] ReadMemory at 0x7ffe95d50000 of 64 bytes failed: Only part of a ReadProcessMemory or WriteProcessMemory request was completed. (0x12B)
[0706/191736.850:WARNING:pe_image_reader.cc(340)] could not read dos header from C:\WINDOWS\SYSTEM32\dhcpcsvc.DLL
[0706/191736.850:ERROR:process_memory_win.cc(73)] ReadMemory at 0x7ffea43f0000 of 64 bytes failed: Only part of a ReadProcessMemory or WriteProcessMemory request was completed. (0x12B)
[0706/191736.850:WARNING:pe_image_reader.cc(340)] could not read dos header from C:\WINDOWS\System32\NSI.dll
[0706/191736.850:ERROR:process_memory_win.cc(73)] ReadMemory at 0x7ffea02f0000 of 64 bytes failed: Only part of a ReadProcessMemory or WriteProcessMemory request was completed. (0x12B)
[0706/191736.850:WARNING:pe_image_reader.cc(340)] could not read dos header from C:\WINDOWS\SYSTEM32\WINMMBASE.dll
[0706/191736.850:ERROR:process_memory_win.cc(73)] ReadMemory at 0x7ffea2dc0000 of 64 bytes failed: Only part of a ReadProcessMemory or WriteProcessMemory request was completed. (0x12B)
[0706/191736.850:WARNING:pe_image_reader.cc(340)] could not read dos header from C:\WINDOWS\System32\cfgmgr32.dll
[0706/191736.850:ERROR:process_memory_win.cc(73)] ReadMemory at 0x7ffea0040000 of 64 bytes failed: Only part of a ReadProcessMemory or WriteProcessMemory request was completed. (0x12B)
[0706/191736.850:WARNING:pe_image_reader.cc(340)] could not read dos header from C:\WINDOWS\SYSTEM32\PROPSYS.dll
[0706/191736.850:ERROR:process_memory_win.cc(73)] ReadMemory at 0x7ffea4460000 of 64 bytes failed: Only part of a ReadProcessMemory or WriteProcessMemory request was completed. (0x12B)
[0706/191736.850:WARNING:pe_image_reader.cc(340)] could not read dos header from C:\WINDOWS\System32\shcore.dll
[0706/191736.850:ERROR:process_memory_win.cc(73)] ReadMemory at 0x7ffea28a0000 of 64 bytes failed: Only part of a ReadProcessMemory or WriteProcessMemory request was completed. (0x12B)
[0706/191736.850:WARNING:pe_image_reader.cc(340)] could not read dos header from C:\WINDOWS\SYSTEM32\SSPICLI.DLL
[0706/191736.850:ERROR:process_memory_win.cc(73)] ReadMemory at 0x7ffea2390000 of 64 bytes failed: Only part of a ReadProcessMemory or WriteProcessMemory request was completed. (0x12B)
[0706/191736.850:WARNING:pe_image_reader.cc(340)] could not read dos header from C:\WINDOWS\SYSTEM32\CRYPTBASE.DLL
[0706/191736.850:ERROR:process_memory_win.cc(73)] ReadMemory at 0x7ff7680c0000 of 64 bytes failed: Only part of a ReadProcessMemory or WriteProcessMemory request was completed. (0x12B)
[0706/191736.850:WARNING:pe_image_reader.cc(340)] could not read dos header from C:\Program Files (x86)\Google\Chrome\Application\chrome.exe
[0706/191736.850:ERROR:process_memory_win.cc(73)] ReadMemory at 0x7ffea5ae0000 of 64 bytes failed: Only part of a ReadProcessMemory or WriteProcessMemory request was completed. (0x12B)
[0706/191736.850:WARNING:pe_image_reader.cc(340)] could not read dos header from C:\WINDOWS\SYSTEM32\ntdll.dll
[0706/191736.850:ERROR:process_memory_win.cc(73)] ReadMemory at 0x7ffea45f0000 of 64 bytes failed: Only part of a ReadProcessMemory or WriteProcessMemory request was completed. (0x12B)
[0706/191736.850:WARNING:pe_image_reader.cc(340)] could not read dos header from C:\WINDOWS\System32\KERNEL32.DLL
[0706/191736.850:ERROR:process_memory_win.cc(73)] ReadMemory at 0x7ffea2b10000 of 64 bytes failed: Only part of a ReadProcessMemory or WriteProcessMemory request was completed. (0x12B)
[0706/191736.850:WARNING:pe_image_reader.cc(340)] could not read dos header from C:\WINDOWS\System32\KERNELBASE.dll
[0706/191736.850:ERROR:process_memory_win.cc(73)] ReadMemory at 0x7ffe64280000 of 64 bytes failed: Only part of a ReadProcessMemory or WriteProcessMemory request was completed. (0x12B)
[0706/191736.850:WARNING:pe_image_reader.cc(340)] could not read dos header from C:\Program Files (x86)\Google\Chrome\Application\83.0.4103.116\chrome_elf.dll
[0706/191736.850:ERROR:process_memory_win.cc(73)] ReadMemory at 0x7ffe95ef0000 of 64 bytes failed: Only part of a ReadProcessMemory or WriteProcessMemory request was completed. (0x12B)
[0706/191736.850:WARNING:pe_image_reader.cc(340)] could not read dos header from C:\WINDOWS\SYSTEM32\VERSION.dll
[0706/191736.850:ERROR:process_memory_win.cc(73)] ReadMemory at 0x7ffea5a00000 of 64 bytes failed: Only part of a ReadProcessMemory or WriteProcessMemory request was completed. (0x12B)
[0706/191736.850:WARNING:pe_image_reader.cc(340)] could not read dos header from C:\WINDOWS\System32\msvcrt.dll
[0706/191736.850:ERROR:process_memory_win.cc(73)] ReadMemory at 0x7ffea2a70000 of 64 bytes failed: Only part of a ReadProcessMemory or WriteProcessMemory request was completed. (0x12B)
[0706/191736.850:WARNING:pe_image_reader.cc(340)] could not read dos header from C:\WINDOWS\System32\bcryptPrimitives.dll
[0706/191736.850:ERROR:process_memory_win.cc(73)] ReadMemory at 0x7ffea50b0000 of 64 bytes failed: Only part of a ReadProcessMemory or WriteProcessMemory request was completed. (0x12B)
[0706/191736.850:WARNING:pe_image_reader.cc(340)] could not read dos header from C:\WINDOWS\System32\ADVAPI32.dll
[0706/191736.850:ERROR:process_memory_win.cc(73)] ReadMemory at 0x7ffea4550000 of 64 bytes failed: Only part of a ReadProcessMemory or WriteProcessMemory request was completed. (0x12B)
[0706/191736.850:WARNING:pe_image_reader.cc(340)] could not read dos header from C:\WINDOWS\System32\sechost.dll
[0706/191736.850:ERROR:process_memory_win.cc(73)] ReadMemory at 0x7ffea4720000 of 64 bytes failed: Only part of a ReadProcessMemory or WriteProcessMemory request was completed. (0x12B)
[0706/191736.850:WARNING:pe_image_reader.cc(340)] could not read dos header from C:\WINDOWS\System32\RPCRT4.dll
[0706/191736.850:ERROR:process_memory_win.cc(73)] ReadMemory at 0x7ffe59830000 of 64 bytes failed: Only part of a ReadProcessMemory or WriteProcessMemory request was completed. (0x12B)
[0706/191736.850:WARNING:pe_image_reader.cc(340)] could not read dos header from C:\Program Files (x86)\Google\Chrome\Application\83.0.4103.116\chrome.dll
[0706/191736.850:ERROR:process_memory_win.cc(73)] ReadMemory at 0x7ffea3c80000 of 64 bytes failed: Only part of a ReadProcessMemory or WriteProcessMemory request was completed. (0x12B)
[0706/191736.850:WARNING:pe_image_reader.cc(340)] could not read dos header from C:\WINDOWS\System32\WS2_32.dll
[0706/191736.850:ERROR:process_memory_win.cc(73)] ReadMemory at 0x7ffea4e50000 of 64 bytes failed: Only part of a ReadProcessMemory or WriteProcessMemory request was completed. (0x12B)
[0706/191736.850:WARNING:pe_image_reader.cc(340)] could not read dos header from C:\WINDOWS\System32\OLEAUT32.dll
[0706/191736.850:ERROR:process_memory_win.cc(73)] ReadMemory at 0x7ffea3ac0000 of 64 bytes failed: Only part of a ReadProcessMemory or WriteProcessMemory request was completed. (0x12B)
[0706/191736.850:WARNING:pe_image_reader.cc(340)] could not read dos header from C:\WINDOWS\System32\msvcp_win.dll
[0706/191736.850:ERROR:process_memory_win.cc(73)] ReadMemory at 0x7ffea2fe0000 of 64 bytes failed: Only part of a ReadProcessMemory or WriteProcessMemory request was completed. (0x12B)
[0706/191736.850:WARNING:pe_image_reader.cc(340)] could not read dos header from C:\WINDOWS\System32\ucrtbase.dll
[0706/191736.850:ERROR:process_memory_win.cc(73)] ReadMemory at 0x7ffea48f0000 of 64 bytes failed: Only part of a ReadProcessMemory or WriteProcessMemory request was completed. (0x12B)
[0706/191736.850:WARNING:pe_image_reader.cc(340)] could not read dos header from C:\WINDOWS\System32\combase.dll
[0706/191736.850:ERROR:process_memory_win.cc(73)] ReadMemory at 0x7ffea39b0000 of 64 bytes failed: Only part of a ReadProcessMemory or WriteProcessMemory request was completed. (0x12B)
[0706/191736.850:WARNING:pe_image_reader.cc(340)] could not read dos header from C:\WINDOWS\System32\WINTRUST.dll
[0706/191736.850:ERROR:process_memory_win.cc(73)] ReadMemory at 0x7ffea2a30000 of 64 bytes failed: Only part of a ReadProcessMemory or WriteProcessMemory request was completed. (0x12B)
[0706/191736.850:WARNING:pe_image_reader.cc(340)] could not read dos header from C:\WINDOWS\System32\MSASN1.dll
[0706/191736.850:ERROR:process_memory_win.cc(73)] ReadMemory at 0x7ffea3860000 of 64 bytes failed: Only part of a ReadProcessMemory or WriteProcessMemory request was completed. (0x12B)
[0706/191736.850:WARNING:pe_image_reader.cc(340)] could not read dos header from C:\WINDOWS\System32\CRYPT32.dll
[0706/191736.850:ERROR:process_memory_win.cc(73)] ReadMemory at 0x7ffea1ed0000 of 64 bytes failed: Only part of a ReadProcessMemory or WriteProcessMemory request was completed. (0x12B)
[0706/191736.850:WARNING:pe_image_reader.cc(340)] could not read dos header from C:\WINDOWS\SYSTEM32\IPHLPAPI.DLL
[0706/191736.850:ERROR:process_memory_win.cc(73)] ReadMemory at 0x7ffea0320000 of 64 bytes failed: Only part of a ReadProcessMemory or WriteProcessMemory request was completed. (0x12B)
[0706/191736.850:WARNING:pe_image_reader.cc(340)] could not read dos header from C:\WINDOWS\SYSTEM32\WINMM.dll
[0706/191736.850:ERROR:process_memory_win.cc(73)] ReadMemory at 0x7ffe95cb0000 of 64 bytes failed: Only part of a ReadProcessMemory or WriteProcessMemory request was completed. (0x12B)
[0706/191736.850:WARNING:pe_image_reader.cc(340)] could not read dos header from C:\WINDOWS\SYSTEM32\Secur32.dll
[0706/191736.850:ERROR:process_memory_win.cc(73)] ReadMemory at 0x7ffea28d0000 of 64 bytes failed: Only part of a ReadProcessMemory or WriteProcessMemory request was completed. (0x12B)
[0706/191736.850:WARNING:pe_image_reader.cc(340)] could not read dos header from C:\WINDOWS\SYSTEM32\USERENV.dll
[0706/191736.850:ERROR:process_memory_win.cc(73)] ReadMemory at 0x7ffea2a50000 of 64 bytes failed: Only part of a ReadProcessMemory or WriteProcessMemory request was completed. (0x12B)
[0706/191736.850:WARNING:pe_image_reader.cc(340)] could not read dos header from C:\WINDOWS\System32\profapi.dll
[0706/191736.850:ERROR:process_memory_win.cc(73)] ReadMemory at 0x7ffe86970000 of 64 bytes failed: Only part of a ReadProcessMemory or WriteProcessMemory request was completed. (0x12B)
[0706/191736.850:WARNING:pe_image_reader.cc(340)] could not read dos header from C:\WINDOWS\SYSTEM32\UIAutomationCore.DLL
[0706/191736.850:ERROR:process_memory_win.cc(73)] ReadMemory at 0x7ffe87bd0000 of 64 bytes failed: Only part of a ReadProcessMemory or WriteProcessMemory request was completed. (0x12B)
[0706/191736.850:WARNING:pe_image_reader.cc(340)] could not read dos header from C:\WINDOWS\SYSTEM32\DWrite.dll
[0706/191736.850:ERROR:process_memory_win.cc(73)] ReadMemory at 0x7ffe95800000 of 64 bytes failed: Only part of a ReadProcessMemory or WriteProcessMemory request was completed. (0x12B)
[0706/191736.850:WARNING:pe_image_reader.cc(340)] could not read dos header from C:\WINDOWS\SYSTEM32\WINSPOOL.DRV
[0706/191736.850:ERROR:process_memory_win.cc(73)] ReadMemory at 0x7ffea29c0000 of 64 bytes failed: Only part of a ReadProcessMemory or WriteProcessMemory request was completed. (0x12B)
[0706/191736.850:WARNING:pe_image_reader.cc(340)] could not read dos header from C:\WINDOWS\System32\kernel.appcore.dll
[0706/191736.850:ERROR:process_memory_win.cc(73)] ReadMemory at 0x7ffea3b60000 of 64 bytes failed: Only part of a ReadProcessMemory or WriteProcessMemory request was completed. (0x12B)
[0706/191736.850:WARNING:pe_image_reader.cc(340)] could not read dos header from C:\WINDOWS\System32\bcrypt.dll
[0706/191736.850:ERROR:process_memory_win.cc(73)] ReadMemory at 0x7ffea1250000 of 64 bytes failed: Only part of a ReadProcessMemory or WriteProcessMemory request was completed. (0x12B)
[0706/191736.850:WARNING:pe_image_reader.cc(340)] could not read dos header from C:\WINDOWS\SYSTEM32\dbghelp.dll
[0706/191736.850:ERROR:process_memory_win.cc(73)] ReadMemory at 0x7ffe961b0000 of 64 bytes failed: Only part of a ReadProcessMemory or WriteProcessMemory request was completed. (0x12B)
[0706/191736.850:WARNING:pe_image_reader.cc(340)] could not read dos header from C:\WINDOWS\SYSTEM32\WINHTTP.dll
[0706/191736.850:ERROR:process_memory_win.cc(73)] ReadMemory at 0x7ffe95d50000 of 64 bytes failed: Only part of a ReadProcessMemory or WriteProcessMemory request was completed. (0x12B)
[0706/191736.850:WARNING:pe_image_reader.cc(340)] could not read dos header from C:\WINDOWS\SYSTEM32\dhcpcsvc.DLL
[0706/191736.850:ERROR:process_memory_win.cc(73)] ReadMemory at 0x7ffea43f0000 of 64 bytes failed: Only part of a ReadProcessMemory or WriteProcessMemory request was completed. (0x12B)
[0706/191736.850:WARNING:pe_image_reader.cc(340)] could not read dos header from C:\WINDOWS\System32\NSI.dll
[0706/191736.850:ERROR:process_memory_win.cc(73)] ReadMemory at 0x7ffea02f0000 of 64 bytes failed: Only part of a ReadProcessMemory or WriteProcessMemory request was completed. (0x12B)
[0706/191736.850:WARNING:pe_image_reader.cc(340)] could not read dos header from C:\WINDOWS\SYSTEM32\WINMMBASE.dll
[0706/191736.850:ERROR:process_memory_win.cc(73)] ReadMemory at 0x7ffea2dc0000 of 64 bytes failed: Only part of a ReadProcessMemory or WriteProcessMemory request was completed. (0x12B)
[0706/191736.850:WARNING:pe_image_reader.cc(340)] could not read dos header from C:\WINDOWS\System32\cfgmgr32.dll
[0706/191736.850:ERROR:process_memory_win.cc(73)] ReadMemory at 0x7ffea0040000 of 64 bytes failed: Only part of a ReadProcessMemory or WriteProcessMemory request was completed. (0x12B)
[0706/191736.850:WARNING:pe_image_reader.cc(340)] could not read dos header from C:\WINDOWS\SYSTEM32\PROPSYS.dll
[0706/191736.850:ERROR:process_memory_win.cc(73)] ReadMemory at 0x7ffea4460000 of 64 bytes failed: Only part of a ReadProcessMemory or WriteProcessMemory request was completed. (0x12B)
[0706/191736.850:WARNING:pe_image_reader.cc(340)] could not read dos header from C:\WINDOWS\System32\shcore.dll
[0706/191736.850:ERROR:process_memory_win.cc(73)] ReadMemory at 0x7ffea28a0000 of 64 bytes failed: Only part of a ReadProcessMemory or WriteProcessMemory request was completed. (0x12B)
[0706/191736.850:WARNING:pe_image_reader.cc(340)] could not read dos header from C:\WINDOWS\SYSTEM32\SSPICLI.DLL
[0706/191736.850:ERROR:process_memory_win.cc(73)] ReadMemory at 0x7ffea2390000 of 64 bytes failed: Only part of a ReadProcessMemory or WriteProcessMemory request was completed. (0x12B)
[0706/191736.850:WARNING:pe_image_reader.cc(340)] could not read dos header from C:\WINDOWS\SYSTEM32\CRYPTBASE.DLL
[0706/191736.850:ERROR:process_memory_win.cc(73)] ReadMemory at 0x7ff7680c0000 of 64 bytes failed: Only part of a ReadProcessMemory or WriteProcessMemory request was completed. (0x12B)
[0706/191736.850:WARNING:pe_image_reader.cc(340)] could not read dos header from C:\Program Files (x86)\Google\Chrome\Application\chrome.exe
[0706/191736.850:ERROR:process_memory_win.cc(73)] ReadMemory at 0x7ffea5ae0000 of 64 bytes failed: Only part of a ReadProcessMemory or WriteProcessMemory request was completed. (0x12B)
[0706/191736.850:WARNING:pe_image_reader.cc(340)] could not read dos header from C:\WINDOWS\SYSTEM32\ntdll.dll
[0706/191736.850:ERROR:process_memory_win.cc(73)] ReadMemory at 0x7ffea45f0000 of 64 bytes failed: Only part of a ReadProcessMemory or WriteProcessMemory request was completed. (0x12B)
[0706/191736.850:WARNING:pe_image_reader.cc(340)] could not read dos header from C:\WINDOWS\System32\KERNEL32.DLL
[0706/191736.850:ERROR:process_memory_win.cc(73)] ReadMemory at 0x7ffea2b10000 of 64 bytes failed: Only part of a ReadProcessMemory or WriteProcessMemory request was completed. (0x12B)
[0706/191736.850:WARNING:pe_image_reader.cc(340)] could not read dos header from C:\WINDOWS\System32\KERNELBASE.dll
[0706/191736.850:ERROR:process_memory_win.cc(73)] ReadMemory at 0x7ffe64280000 of 64 bytes failed: Only part of a ReadProcessMemory or WriteProcessMemory request was completed. (0x12B)
[0706/191736.850:WARNING:pe_image_reader.cc(340)] could not read dos header from C:\Program Files (x86)\Google\Chrome\Application\83.0.4103.116\chrome_elf.dll
[0706/191736.850:ERROR:process_memory_win.cc(73)] ReadMemory at 0x7ffe95ef0000 of 64 bytes failed: Only part of a ReadProcessMemory or WriteProcessMemory request was completed. (0x12B)
[0706/191736.850:WARNING:pe_image_reader.cc(340)] could not read dos header from C:\WINDOWS\SYSTEM32\VERSION.dll
[0706/191736.850:ERROR:process_memory_win.cc(73)] ReadMemory at 0x7ffea5a00000 of 64 bytes failed: Only part of a ReadProcessMemory or WriteProcessMemory request was completed. (0x12B)
[0706/191736.850:WARNING:pe_image_reader.cc(340)] could not read dos header from C:\WINDOWS\System32\msvcrt.dll
[0706/191736.850:ERROR:process_memory_win.cc(73)] ReadMemory at 0x7ffea2a70000 of 64 bytes failed: Only part of a ReadProcessMemory or WriteProcessMemory request was completed. (0x12B)
[0706/191736.850:WARNING:pe_image_reader.cc(340)] could not read dos header from C:\WINDOWS\System32\bcryptPrimitives.dll
[0706/191736.850:ERROR:process_memory_win.cc(73)] ReadMemory at 0x7ffea50b0000 of 64 bytes failed: Only part of a ReadProcessMemory or WriteProcessMemory request was completed. (0x12B)
[0706/191736.850:WARNING:pe_image_reader.cc(340)] could not read dos header from C:\WINDOWS\System32\ADVAPI32.dll
[0706/191736.850:ERROR:process_memory_win.cc(73)] ReadMemory at 0x7ffea4550000 of 64 bytes failed: Only part of a ReadProcessMemory or WriteProcessMemory request was completed. (0x12B)
[0706/191736.850:WARNING:pe_image_reader.cc(340)] could not read dos header from C:\WINDOWS\System32\sechost.dll
[0706/191736.850:ERROR:process_memory_win.cc(73)] ReadMemory at 0x7ffea4720000 of 64 bytes failed: Only part of a ReadProcessMemory or WriteProcessMemory request was completed. (0x12B)
[0706/191736.850:WARNING:pe_image_reader.cc(340)] could not read dos header from C:\WINDOWS\System32\RPCRT4.dll
[0706/191736.850:ERROR:process_memory_win.cc(73)] ReadMemory at 0x7ffe59830000 of 64 bytes failed: Only part of a ReadProcessMemory or WriteProcessMemory request was completed. (0x12B)
[0706/191736.850:WARNING:pe_image_reader.cc(340)] could not read dos header from C:\Program Files (x86)\Google\Chrome\Application\83.0.4103.116\chrome.dll
[0706/191736.850:ERROR:process_memory_win.cc(73)] ReadMemory at 0x7ffea3c80000 of 64 bytes failed: Only part of a ReadProcessMemory or WriteProcessMemory request was completed. (0x12B)
[0706/191736.850:WARNING:pe_image_reader.cc(340)] could not read dos header from C:\WINDOWS\System32\WS2_32.dll
[0706/191736.850:ERROR:process_memory_win.cc(73)] ReadMemory at 0x7ffea4e50000 of 64 bytes failed: Only part of a ReadProcessMemory or WriteProcessMemory request was completed. (0x12B)
[0706/191736.850:WARNING:pe_image_reader.cc(340)] could not read dos header from C:\WINDOWS\System32\OLEAUT32.dll
[0706/191736.850:ERROR:process_memory_win.cc(73)] ReadMemory at 0x7ffea3ac0000 of 64 bytes failed: Only part of a ReadProcessMemory or WriteProcessMemory request was completed. (0x12B)
[0706/191736.850:WARNING:pe_image_reader.cc(340)] could not read dos header from C:\WINDOWS\System32\msvcp_win.dll
[0706/191736.850:ERROR:process_memory_win.cc(73)] ReadMemory at 0x7ffea2fe0000 of 64 bytes failed: Only part of a ReadProcessMemory or WriteProcessMemory request was completed. (0x12B)
[0706/191736.850:WARNING:pe_image_reader.cc(340)] could not read dos header from C:\WINDOWS\System32\ucrtbase.dll
[0706/191736.850:ERROR:process_memory_win.cc(73)] ReadMemory at 0x7ffea48f0000 of 64 bytes failed: Only part of a ReadProcessMemory or WriteProcessMemory request was completed. (0x12B)
[0706/191736.850:WARNING:pe_image_reader.cc(340)] could not read dos header from C:\WINDOWS\System32\combase.dll
[0706/191736.850:ERROR:process_memory_win.cc(73)] ReadMemory at 0x7ffea39b0000 of 64 bytes failed: Only part of a ReadProcessMemory or WriteProcessMemory request was completed. (0x12B)
[0706/191736.850:WARNING:pe_image_reader.cc(340)] could not read dos header from C:\WINDOWS\System32\WINTRUST.dll
[0706/191736.850:ERROR:process_memory_win.cc(73)] ReadMemory at 0x7ffea2a30000 of 64 bytes failed: Only part of a ReadProcessMemory or WriteProcessMemory request was completed. (0x12B)
[0706/191736.850:WARNING:pe_image_reader.cc(340)] could not read dos header from C:\WINDOWS\System32\MSASN1.dll
[0706/191736.850:ERROR:process_memory_win.cc(73)] ReadMemory at 0x7ffea3860000 of 64 bytes failed: Only part of a ReadProcessMemory or WriteProcessMemory request was completed. (0x12B)
[0706/191736.850:WARNING:pe_image_reader.cc(340)] could not read dos header from C:\WINDOWS\System32\CRYPT32.dll
[0706/191736.850:ERROR:process_memory_win.cc(73)] ReadMemory at 0x7ffea1ed0000 of 64 bytes failed: Only part of a ReadProcessMemory or WriteProcessMemory request was completed. (0x12B)
[0706/191736.850:WARNING:pe_image_reader.cc(340)] could not read dos header from C:\WINDOWS\SYSTEM32\IPHLPAPI.DLL
[0706/191736.850:ERROR:process_memory_win.cc(73)] ReadMemory at 0x7ffea0320000 of 64 bytes failed: Only part of a ReadProcessMemory or WriteProcessMemory request was completed. (0x12B)
[0706/191736.850:WARNING:pe_image_reader.cc(340)] could not read dos header from C:\WINDOWS\SYSTEM32\WINMM.dll
[0706/191736.850:ERROR:process_memory_win.cc(73)] ReadMemory at 0x7ffe95cb0000 of 64 bytes failed: Only part of a ReadProcessMemory or WriteProcessMemory request was completed. (0x12B)
[0706/191736.850:WARNING:pe_image_reader.cc(340)] could not read dos header from C:\WINDOWS\SYSTEM32\Secur32.dll
[0706/191736.850:ERROR:process_memory_win.cc(73)] ReadMemory at 0x7ffea28d0000 of 64 bytes failed: Only part of a ReadProcessMemory or WriteProcessMemory request was completed. (0x12B)
[0706/191736.850:WARNING:pe_image_reader.cc(340)] could not read dos header from C:\WINDOWS\SYSTEM32\USERENV.dll
[0706/191736.850:ERROR:process_memory_win.cc(73)] ReadMemory at 0x7ffea2a50000 of 64 bytes failed: Only part of a ReadProcessMemory or WriteProcessMemory request was completed. (0x12B)
[0706/191736.850:WARNING:pe_image_reader.cc(340)] could not read dos header from C:\WINDOWS\System32\profapi.dll
[0706/191736.850:ERROR:process_memory_win.cc(73)] ReadMemory at 0x7ffe86970000 of 64 bytes failed: Only part of a ReadProcessMemory or WriteProcessMemory request was completed. (0x12B)
[0706/191736.850:WARNING:pe_image_reader.cc(340)] could not read dos header from C:\WINDOWS\SYSTEM32\UIAutomationCore.DLL
[0706/191736.850:ERROR:process_memory_win.cc(73)] ReadMemory at 0x7ffe87bd0000 of 64 bytes failed: Only part of a ReadProcessMemory or WriteProcessMemory request was completed. (0x12B)
[0706/191736.850:WARNING:pe_image_reader.cc(340)] could not read dos header from C:\WINDOWS\SYSTEM32\DWrite.dll
[0706/191736.850:ERROR:process_memory_win.cc(73)] ReadMemory at 0x7ffe95800000 of 64 bytes failed: Only part of a ReadProcessMemory or WriteProcessMemory request was completed. (0x12B)
[0706/191736.850:WARNING:pe_image_reader.cc(340)] could not read dos header from C:\WINDOWS\SYSTEM32\WINSPOOL.DRV
[0706/191736.850:ERROR:process_memory_win.cc(73)] ReadMemory at 0x7ffea29c0000 of 64 bytes failed: Only part of a ReadProcessMemory or WriteProcessMemory request was completed. (0x12B)
[0706/191736.850:WARNING:pe_image_reader.cc(340)] could not read dos header from C:\WINDOWS\System32\kernel.appcore.dll
[0706/191736.858:ERROR:process_memory_win.cc(73)] ReadMemory at 0x7ffea3b60000 of 64 bytes failed: Only part of a ReadProcessMemory or WriteProcessMemory request was completed. (0x12B)
[0706/191736.858:WARNING:pe_image_reader.cc(340)] could not read dos header from C:\WINDOWS\System32\bcrypt.dll
[0706/191736.858:ERROR:process_memory_win.cc(73)] ReadMemory at 0x7ffea1250000 of 64 bytes failed: Only part of a ReadProcessMemory or WriteProcessMemory request was completed. (0x12B)
[0706/191736.858:WARNING:pe_image_reader.cc(340)] could not read dos header from C:\WINDOWS\SYSTEM32\dbghelp.dll
[0706/191736.858:ERROR:process_memory_win.cc(73)] ReadMemory at 0x7ffe961b0000 of 64 bytes failed: Only part of a ReadProcessMemory or WriteProcessMemory request was completed. (0x12B)
[0706/191736.858:WARNING:pe_image_reader.cc(340)] could not read dos header from C:\WINDOWS\SYSTEM32\WINHTTP.dll
[0706/191736.858:ERROR:process_memory_win.cc(73)] ReadMemory at 0x7ffe95d50000 of 64 bytes failed: Only part of a ReadProcessMemory or WriteProcessMemory request was completed. (0x12B)
[0706/191736.858:WARNING:pe_image_reader.cc(340)] could not read dos header from C:\WINDOWS\SYSTEM32\dhcpcsvc.DLL
[0706/191736.858:ERROR:process_memory_win.cc(73)] ReadMemory at 0x7ffea43f0000 of 64 bytes failed: Only part of a ReadProcessMemory or WriteProcessMemory request was completed. (0x12B)
[0706/191736.858:WARNING:pe_image_reader.cc(340)] could not read dos header from C:\WINDOWS\System32\NSI.dll
[0706/191736.858:ERROR:process_memory_win.cc(73)] ReadMemory at 0x7ffea02f0000 of 64 bytes failed: Only part of a ReadProcessMemory or WriteProcessMemory request was completed. (0x12B)
[0706/191736.858:WARNING:pe_image_reader.cc(340)] could not read dos header from C:\WINDOWS\SYSTEM32\WINMMBASE.dll
[0706/191736.858:ERROR:process_memory_win.cc(73)] ReadMemory at 0x7ffea2dc0000 of 64 bytes failed: Only part of a ReadProcessMemory or WriteProcessMemory request was completed. (0x12B)
[0706/191736.858:WARNING:pe_image_reader.cc(340)] could not read dos header from C:\WINDOWS\System32\cfgmgr32.dll
[0706/191736.858:ERROR:process_memory_win.cc(73)] ReadMemory at 0x7ffea0040000 of 64 bytes failed: Only part of a ReadProcessMemory or WriteProcessMemory request was completed. (0x12B)
[0706/191736.858:WARNING:pe_image_reader.cc(340)] could not read dos header from C:\WINDOWS\SYSTEM32\PROPSYS.dll
[0706/191736.858:ERROR:process_memory_win.cc(73)] ReadMemory at 0x7ffea4460000 of 64 bytes failed: Only part of a ReadProcessMemory or WriteProcessMemory request was completed. (0x12B)
[0706/191736.858:WARNING:pe_image_reader.cc(340)] could not read dos header from C:\WINDOWS\System32\shcore.dll
[0706/191736.858:ERROR:process_memory_win.cc(73)] ReadMemory at 0x7ffea28a0000 of 64 bytes failed: Only part of a ReadProcessMemory or WriteProcessMemory request was completed. (0x12B)
[0706/191736.858:WARNING:pe_image_reader.cc(340)] could not read dos header from C:\WINDOWS\SYSTEM32\SSPICLI.DLL
[0706/191736.858:ERROR:process_memory_win.cc(73)] ReadMemory at 0x7ffea2390000 of 64 bytes failed: Only part of a ReadProcessMemory or WriteProcessMemory request was completed. (0x12B)
[0706/191736.858:WARNING:pe_image_reader.cc(340)] could not read dos header from C:\WINDOWS\SYSTEM32\CRYPTBASE.DLL
[0706/191736.874:ERROR:process_memory_win.cc(73)] ReadMemory at 0x525d1f5000 of 45056 bytes failed: Only part of a ReadProcessMemory or WriteProcessMemory request was completed. (0x12B)
[0706/191736.874:ERROR:process_memory_win.cc(73)] ReadMemory at 0x525d9fd000 of 12288 bytes failed: Only part of a ReadProcessMemory or WriteProcessMemory request was completed. (0x12B)
[0706/191736.874:ERROR:process_memory_win.cc(73)] ReadMemory at 0x525e1fc000 of 16384 bytes failed: Only part of a ReadProcessMemory or WriteProcessMemory request was completed. (0x12B)
[0706/191736.874:ERROR:process_memory_win.cc(73)] ReadMemory at 0x525e9fd000 of 12288 bytes failed: Only part of a ReadProcessMemory or WriteProcessMemory request was completed. (0x12B)
[0706/191736.874:ERROR:process_memory_win.cc(73)] ReadMemory at 0x525f1fc000 of 16384 bytes failed: Only part of a ReadProcessMemory or WriteProcessMemory request was completed. (0x12B)
[0706/191736.874:ERROR:process_memory_win.cc(73)] ReadMemory at 0x525f9fe000 of 8192 bytes failed: Only part of a ReadProcessMemory or WriteProcessMemory request was completed. (0x12B)
[0706/191736.874:ERROR:process_memory_win.cc(73)] ReadMemory at 0x52601fd000 of 12288 bytes failed: Only part of a ReadProcessMemory or WriteProcessMemory request was completed. (0x12B)
[0706/191736.874:ERROR:process_memory_win.cc(73)] ReadMemory at 0x52609fb000 of 20480 bytes failed: Only part of a ReadProcessMemory or WriteProcessMemory request was completed. (0x12B)
[0706/191736.874:ERROR:process_memory_win.cc(73)] ReadMemory at 0x52611fd000 of 12288 bytes failed: Only part of a ReadProcessMemory or WriteProcessMemory request was completed. (0x12B)
[0706/191736.874:ERROR:process_memory_win.cc(73)] ReadMemory at 0x52619fd000 of 12288 bytes failed: Only part of a ReadProcessMemory or WriteProcessMemory request was completed. (0x12B)
[0706/191736.874:ERROR:process_memory_win.cc(73)] ReadMemory at 0x52621fd000 of 12288 bytes failed: Only part of a ReadProcessMemory or WriteProcessMemory request was completed. (0x12B)
[0706/191736.874:ERROR:process_memory_win.cc(73)] ReadMemory at 0x52629fd000 of 12288 bytes failed: Only part of a ReadProcessMemory or WriteProcessMemory request was completed. (0x12B)
[0706/191736.874:ERROR:process_memory_win.cc(73)] ReadMemory at 0x52631fd000 of 12288 bytes failed: Only part of a ReadProcessMemory or WriteProcessMemory request was completed. (0x12B)
[0706/191736.874:ERROR:process_memory_win.cc(73)] ReadMemory at 0x52639fd000 of 12288 bytes failed: Only part of a ReadProcessMemory or WriteProcessMemory request was completed. (0x12B)
[0706/191736.874:ERROR:process_memory_win.cc(73)] ReadMemory at 0x525c915000 of 852 bytes failed: Only part of a ReadProcessMemory or WriteProcessMemory request was completed. (0x12B)
[0706/191736.874:ERROR:process_memory_win.cc(73)] ReadMemory at 0x525c916000 of 6024 bytes failed: Only part of a ReadProcessMemory or WriteProcessMemory request was completed. (0x12B)
[0706/191736.874:ERROR:process_memory_win.cc(73)] ReadMemory at 0x525c918000 of 6024 bytes failed: Only part of a ReadProcessMemory or WriteProcessMemory request was completed. (0x12B)
[0706/191736.874:ERROR:process_memory_win.cc(73)] ReadMemory at 0x525c91a000 of 6024 bytes failed: Only part of a ReadProcessMemory or WriteProcessMemory request was completed. (0x12B)
[0706/191736.874:ERROR:process_memory_win.cc(73)] ReadMemory at 0x525c91c000 of 6024 bytes failed: Only part of a ReadProcessMemory or WriteProcessMemory request was completed. (0x12B)
[0706/191736.874:ERROR:process_memory_win.cc(73)] ReadMemory at 0x525c91e000 of 6024 bytes failed: Only part of a ReadProcessMemory or WriteProcessMemory request was completed. (0x12B)
[0706/191736.874:ERROR:process_memory_win.cc(73)] ReadMemory at 0x525c920000 of 6024 bytes failed: Only part of a ReadProcessMemory or WriteProcessMemory request was completed. (0x12B)
[0706/191736.874:ERROR:process_memory_win.cc(73)] ReadMemory at 0x525c922000 of 6024 bytes failed: Only part of a ReadProcessMemory or WriteProcessMemory request was completed. (0x12B)
[0706/191736.874:ERROR:process_memory_win.cc(73)] ReadMemory at 0x525c924000 of 6024 bytes failed: Only part of a ReadProcessMemory or WriteProcessMemory request was completed. (0x12B)
[0706/191736.874:ERROR:process_memory_win.cc(73)] ReadMemory at 0x525c926000 of 6024 bytes failed: Only part of a ReadProcessMemory or WriteProcessMemory request was completed. (0x12B)
[0706/191736.874:ERROR:process_memory_win.cc(73)] ReadMemory at 0x525c928000 of 6024 bytes failed: Only part of a ReadProcessMemory or WriteProcessMemory request was completed. (0x12B)
[0706/191736.882:ERROR:process_memory_win.cc(73)] ReadMemory at 0x525c92a000 of 6024 bytes failed: Only part of a ReadProcessMemory or WriteProcessMemory request was completed. (0x12B)
[0706/191736.882:ERROR:process_memory_win.cc(73)] ReadMemory at 0x525c92c000 of 6024 bytes failed: Only part of a ReadProcessMemory or WriteProcessMemory request was completed. (0x12B)
[0706/191736.882:ERROR:process_memory_win.cc(73)] ReadMemory at 0x525c92e000 of 6024 bytes failed: Only part of a ReadProcessMemory or WriteProcessMemory request was completed. (0x12B)
[0706/191736.882:ERROR:process_memory_win.cc(73)] ReadMemory at 0x525c930000 of 6024 bytes failed: Only part of a ReadProcessMemory or WriteProcessMemory request was completed. (0x12B)
[0706/191736.882:ERROR:process_memory_win.cc(73)] ReadMemory at 0x1bd00040dc0 of 512 bytes failed: Only part of a ReadProcessMemory or WriteProcessMemory request was completed. (0x12B)
[0706/191736.882:ERROR:process_memory_win.cc(73)] ReadMemory at 0x1bd0016aab0 of 512 bytes failed: Only part of a ReadProcessMemory or WriteProcessMemory request was completed. (0x12B)
[0706/191736.882:ERROR:process_memory_win.cc(73)] ReadMemory at 0x1bd0016f540 of 512 bytes failed: Only part of a ReadProcessMemory or WriteProcessMemory request was completed. (0x12B)
[0706/191736.882:ERROR:process_memory_win.cc(73)] ReadMemory at 0x1bd00182d80 of 712 bytes failed: Only part of a ReadProcessMemory or WriteProcessMemory request was completed. (0x12B)
[0706/191736.882:ERROR:process_memory_win.cc(73)] ReadMemory at 0x1bd01780000 of 384 bytes failed: Only part of a ReadProcessMemory or WriteProcessMemory request was completed. (0x12B)
[0706/191736.882:ERROR:process_memory_win.cc(73)] ReadMemory at 0x1bd01787010 of 512 bytes failed: Only part of a ReadProcessMemory or WriteProcessMemory request was completed. (0x12B)
[0706/191736.882:ERROR:process_memory_win.cc(73)] ReadMemory at 0x1bd0178a600 of 512 bytes failed: Only part of a ReadProcessMemory or WriteProcessMemory request was completed. (0x12B)
[0706/191736.882:ERROR:process_memory_win.cc(73)] ReadMemory at 0x1bd0178bdb0 of 512 bytes failed: Only part of a ReadProcessMemory or WriteProcessMemory request was completed. (0x12B)
[0706/191736.882:ERROR:process_memory_win.cc(73)] ReadMemory at 0x1bd0178f2d8 of 512 bytes failed: Only part of a ReadProcessMemory or WriteProcessMemory request was completed. (0x12B)
[0706/191736.882:ERROR:process_memory_win.cc(73)] ReadMemory at 0x1bd01790ce0 of 512 bytes failed: Only part of a ReadProcessMemory or WriteProcessMemory request was completed. (0x12B)
[0706/191736.882:ERROR:process_memory_win.cc(73)] ReadMemory at 0x1bd017933c0 of 512 bytes failed: Only part of a ReadProcessMemory or WriteProcessMemory request was completed. (0x12B)
[0706/191736.882:ERROR:process_memory_win.cc(73)] ReadMemory at 0x1bd017d4dc0 of 512 bytes failed: Only part of a ReadProcessMemory or WriteProcessMemory request was completed. (0x12B)
[0706/191736.882:ERROR:process_memory_win.cc(73)] ReadMemory at 0x1bd01808c20 of 512 bytes failed: Only part of a ReadProcessMemory or WriteProcessMemory request was completed. (0x12B)
[0706/191736.882:ERROR:process_memory_win.cc(73)] ReadMemory at 0x1bd7b6a0750 of 80 bytes failed: Only part of a ReadProcessMemory or WriteProcessMemory request was completed. (0x12B)
[0706/191736.882:ERROR:process_memory_win.cc(73)] ReadMemory at 0x1bd7b6a0fe0 of 3770 bytes failed: Only part of a ReadProcessMemory or WriteProcessMemory request was completed. (0x12B)
[0706/191736.882:ERROR:process_memory_win.cc(73)] ReadMemory at 0x1bd7b6a1eb0 of 1012 bytes failed: Only part of a ReadProcessMemory or WriteProcessMemory request was completed. (0x12B)
[0706/191736.882:ERROR:process_memory_win.cc(73)] ReadMemory at 0x1bd7b6a24f8 of 118 bytes failed: Only part of a ReadProcessMemory or WriteProcessMemory request was completed. (0x12B)
[0706/191736.882:ERROR:process_memory_win.cc(73)] ReadMemory at 0x1bd7b6a2570 of 754 bytes failed: Only part of a ReadProcessMemory or WriteProcessMemory request was completed. (0x12B)
[0706/191736.882:ERROR:process_memory_win.cc(73)] ReadMemory at 0x1bd7b6a2864 of 118 bytes failed: Only part of a ReadProcessMemory or WriteProcessMemory request was completed. (0x12B)
[0706/191736.882:ERROR:process_memory_win.cc(73)] ReadMemory at 0x1bd7b6a28dc of 100 bytes failed: Only part of a ReadProcessMemory or WriteProcessMemory request was completed. (0x12B)
[0706/191736.882:ERROR:process_memory_win.cc(73)] ReadMemory at 0x1bd7b6a2950 of 58 bytes failed: Only part of a ReadProcessMemory or WriteProcessMemory request was completed. (0x12B)
[0706/191736.882:ERROR:process_memory_win.cc(73)] ReadMemory at 0x1bd7b6a2a50 of 132 bytes failed: Only part of a ReadProcessMemory or WriteProcessMemory request was completed. (0x12B)
[0706/191736.882:ERROR:process_memory_win.cc(73)] ReadMemory at 0x1bd7b6a2be0 of 132 bytes failed: Only part of a ReadProcessMemory or WriteProcessMemory request was completed. (0x12B)
[0706/191736.882:ERROR:process_memory_win.cc(73)] ReadMemory at 0x1bd7b6a2da0 of 126 bytes failed: Only part of a ReadProcessMemory or WriteProcessMemory request was completed. (0x12B)
[0706/191736.882:ERROR:process_memory_win.cc(73)] ReadMemory at 0x1bd7b6a3180 of 132 bytes failed: Only part of a ReadProcessMemory or WriteProcessMemory request was completed. (0x12B)
[0706/191736.882:ERROR:process_memory_win.cc(73)] ReadMemory at 0x1bd7b6a3310 of 64 bytes failed: Only part of a ReadProcessMemory or WriteProcessMemory request was completed. (0x12B)
[0706/191736.882:ERROR:process_memory_win.cc(73)] ReadMemory at 0x1bd7b6a34d0 of 132 bytes failed: Only part of a ReadProcessMemory or WriteProcessMemory request was completed. (0x12B)
[0706/191736.882:ERROR:process_memory_win.cc(73)] ReadMemory at 0x1bd7b6a3770 of 132 bytes failed: Only part of a ReadProcessMemory or WriteProcessMemory request was completed. (0x12B)
[0706/191736.882:ERROR:process_memory_win.cc(73)] ReadMemory at 0x1bd7b6a3900 of 68 bytes failed: Only part of a ReadProcessMemory or WriteProcessMemory request was completed. (0x12B)
[0706/191736.882:ERROR:process_memory_win.cc(73)] ReadMemory at 0x1bd7b6a48f0 of 146 bytes failed: Only part of a ReadProcessMemory or WriteProcessMemory request was completed. (0x12B)
[0706/191736.882:ERROR:process_memory_win.cc(73)] ReadMemory at 0x1bd7b6a49d0 of 132 bytes failed: Only part of a ReadProcessMemory or WriteProcessMemory request was completed. (0x12B)
[0706/191736.882:ERROR:process_memory_win.cc(73)] ReadMemory at 0x1bd7b6a4b60 of 154 bytes failed: Only part of a ReadProcessMemory or WriteProcessMemory request was completed. (0x12B)
[0706/191736.882:ERROR:process_memory_win.cc(73)] ReadMemory at 0x1bd7b6a58d0 of 60 bytes failed: Only part of a ReadProcessMemory or WriteProcessMemory request was completed. (0x12B)
[0706/191736.882:ERROR:process_memory_win.cc(73)] ReadMemory at 0x1bd7b6a5940 of 62 bytes failed: Only part of a ReadProcessMemory or WriteProcessMemory request was completed. (0x12B)
[0706/191736.882:ERROR:process_memory_win.cc(73)] ReadMemory at 0x1bd7b6a5990 of 132 bytes failed: Only part of a ReadProcessMemory or WriteProcessMemory request was completed. (0x12B)
[0706/191736.882:ERROR:process_memory_win.cc(73)] ReadMemory at 0x1bd7b6a5fb0 of 132 bytes failed: Only part of a ReadProcessMemory or WriteProcessMemory request was completed. (0x12B)
[0706/191736.882:ERROR:process_memory_win.cc(73)] ReadMemory at 0x1bd7b6a7dc0 of 132 bytes failed: Only part of a ReadProcessMemory or WriteProcessMemory request was completed. (0x12B)
[0706/191736.882:ERROR:process_memory_win.cc(73)] ReadMemory at 0x1bd7b6aacc0 of 62 bytes failed: Only part of a ReadProcessMemory or WriteProcessMemory request was completed. (0x12B)
[0706/191736.882:ERROR:process_memory_win.cc(73)] ReadMemory at 0x1bd7b6aaef0 of 62 bytes failed: Only part of a ReadProcessMemory or WriteProcessMemory request was completed. (0x12B)
[0706/191736.882:ERROR:process_memory_win.cc(73)] ReadMemory at 0x1bd7b6ab0d0 of 60 bytes failed: Only part of a ReadProcessMemory or WriteProcessMemory request was completed. (0x12B)
[0706/191736.882:ERROR:process_memory_win.cc(73)] ReadMemory at 0x1bd7b6ab170 of 64 bytes failed: Only part of a ReadProcessMemory or WriteProcessMemory request was completed. (0x12B)
[0706/191736.882:ERROR:process_memory_win.cc(73)] ReadMemory at 0x1bd7b6ab1c0 of 64 bytes failed: Only part of a ReadProcessMemory or WriteProcessMemory request was completed. (0x12B)
[0706/191736.882:ERROR:process_memory_win.cc(73)] ReadMemory at 0x1bd7b6ab260 of 64 bytes failed: Only part of a ReadProcessMemory or WriteProcessMemory request was completed. (0x12B)
[0706/191736.882:ERROR:process_memory_win.cc(73)] ReadMemory at 0x1bd7b6ab350 of 64 bytes failed: Only part of a ReadProcessMemory or WriteProcessMemory request was completed. (0x12B)
[0706/191736.882:ERROR:process_memory_win.cc(73)] ReadMemory at 0x1bd7b6ab3a0 of 66 bytes failed: Only part of a ReadProcessMemory or WriteProcessMemory request was completed. (0x12B)
[0706/191736.882:ERROR:process_memory_win.cc(73)] ReadMemory at 0x1bd7b6ab3f0 of 60 bytes failed: Only part of a ReadProcessMemory or WriteProcessMemory request was completed. (0x12B)
[0706/191736.882:ERROR:process_memory_win.cc(73)] ReadMemory at 0x1bd7b6ab480 of 132 bytes failed: Only part of a ReadProcessMemory or WriteProcessMemory request was completed. (0x12B)
[0706/191736.882:ERROR:process_memory_win.cc(73)] ReadMemory at 0x1bd7b6ab7d0 of 132 bytes failed: Only part of a ReadProcessMemory or WriteProcessMemory request was completed. (0x12B)
[0706/191736.882:ERROR:process_memory_win.cc(73)] ReadMemory at 0x1bd7b6ab900 of 132 bytes failed: Only part of a ReadProcessMemory or WriteProcessMemory request was completed. (0x12B)
[0706/191736.882:ERROR:process_memory_win.cc(73)] ReadMemory at 0x1bd7b6abb20 of 132 bytes failed: Only part of a ReadProcessMemory or WriteProcessMemory request was completed. (0x12B)
[0706/191736.882:ERROR:process_memory_win.cc(73)] ReadMemory at 0x1bd7b6abe80 of 132 bytes failed: Only part of a ReadProcessMemory or WriteProcessMemory request was completed. (0x12B)
[0706/191736.882:ERROR:process_memory_win.cc(73)] ReadMemory at 0x1bd7b6ac8a0 of 132 bytes failed: Only part of a ReadProcessMemory or WriteProcessMemory request was completed. (0x12B)
[0706/191736.882:ERROR:process_memory_win.cc(73)] ReadMemory at 0x1bd7b6ae4f0 of 54 bytes failed: Only part of a ReadProcessMemory or WriteProcessMemory request was completed. (0x12B)
[0706/191736.882:ERROR:process_memory_win.cc(73)] ReadMemory at 0x1bd7b6af660 of 132 bytes failed: Only part of a ReadProcessMemory or WriteProcessMemory request was completed. (0x12B)
[0706/191736.882:ERROR:process_memory_win.cc(73)] ReadMemory at 0x1bd7b6b2d80 of 132 bytes failed: Only part of a ReadProcessMemory or WriteProcessMemory request was completed. (0x12B)
[0706/191736.882:ERROR:process_memory_win.cc(73)] ReadMemory at 0x1bd7b6b2ff0 of 132 bytes failed: Only part of a ReadProcessMemory or WriteProcessMemory request was completed. (0x12B)
[0706/191736.882:ERROR:process_memory_win.cc(73)] ReadMemory at 0x1bd7b6b3120 of 132 bytes failed: Only part of a ReadProcessMemory or WriteProcessMemory request was completed. (0x12B)
[0706/191736.882:ERROR:process_memory_win.cc(73)] ReadMemory at 0x1bd7b6b3250 of 132 bytes failed: Only part of a ReadProcessMemory or WriteProcessMemory request was completed. (0x12B)
[0706/191736.882:ERROR:process_memory_win.cc(73)] ReadMemory at 0x1bd7b6b3380 of 132 bytes failed: Only part of a ReadProcessMemory or WriteProcessMemory request was completed. (0x12B)
[0706/191736.882:ERROR:process_memory_win.cc(73)] ReadMemory at 0x1bd7b6b34b0 of 132 bytes failed: Only part of a ReadProcessMemory or WriteProcessMemory request was completed. (0x12B)
[0706/191736.882:ERROR:process_memory_win.cc(73)] ReadMemory at 0x1bd7b6b3710 of 132 bytes failed: Only part of a ReadProcessMemory or WriteProcessMemory request was completed. (0x12B)
[0706/191736.882:ERROR:process_memory_win.cc(73)] ReadMemory at 0x1bd7b6b3840 of 132 bytes failed: Only part of a ReadProcessMemory or WriteProcessMemory request was completed. (0x12B)
[0706/191736.882:ERROR:process_memory_win.cc(73)] ReadMemory at 0x1bd7b6b3970 of 132 bytes failed: Only part of a ReadProcessMemory or WriteProcessMemory request was completed. (0x12B)
[0706/191736.882:ERROR:process_memory_win.cc(73)] ReadMemory at 0x1bd7b6b3aa0 of 132 bytes failed: Only part of a ReadProcessMemory or WriteProcessMemory request was completed. (0x12B)
[0706/191736.882:ERROR:process_memory_win.cc(73)] ReadMemory at 0x1bd7b6b3bd0 of 132 bytes failed: Only part of a ReadProcessMemory or WriteProcessMemory request was completed. (0x12B)
[0706/191736.882:ERROR:process_memory_win.cc(73)] ReadMemory at 0x1bd7b6b3d00 of 132 bytes failed: Only part of a ReadProcessMemory or WriteProcessMemory request was completed. (0x12B)
[0706/191736.882:ERROR:process_memory_win.cc(73)] ReadMemory at 0x1bd7b6b3e30 of 132 bytes failed: Only part of a ReadProcessMemory or WriteProcessMemory request was completed. (0x12B)
[0706/191736.882:ERROR:process_memory_win.cc(73)] ReadMemory at 0x1bd7b6b4720 of 76 bytes failed: Only part of a ReadProcessMemory or WriteProcessMemory request was completed. (0x12B)
[0706/191736.882:ERROR:process_memory_win.cc(73)] ReadMemory at 0x1bd7b6b4cc0 of 80 bytes failed: Only part of a ReadProcessMemory or WriteProcessMemory request was completed. (0x12B)
[0706/191736.882:ERROR:process_memory_win.cc(73)] ReadMemory at 0x1bd7b6b5020 of 62 bytes failed: Only part of a ReadProcessMemory or WriteProcessMemory request was completed. (0x12B)
[0706/191736.882:ERROR:process_memory_win.cc(73)] ReadMemory at 0x1bd7b6b5160 of 60 bytes failed: Only part of a ReadProcessMemory or WriteProcessMemory request was completed. (0x12B)
[0706/191736.882:ERROR:process_memory_win.cc(73)] ReadMemory at 0x1bd7b6b5200 of 60 bytes failed: Only part of a ReadProcessMemory or WriteProcessMemory request was completed. (0x12B)
[0706/191736.882:ERROR:process_memory_win.cc(73)] ReadMemory at 0x1bd7b6b52a0 of 58 bytes failed: Only part of a ReadProcessMemory or WriteProcessMemory request was completed. (0x12B)
[0706/191736.882:ERROR:process_memory_win.cc(73)] ReadMemory at 0x1bd7b6b5340 of 62 bytes failed: Only part of a ReadProcessMemory or WriteProcessMemory request was completed. (0x12B)
[0706/191736.882:ERROR:process_memory_win.cc(73)] ReadMemory at 0x1bd7b6b5390 of 66 bytes failed: Only part of a ReadProcessMemory or WriteProcessMemory request was completed. (0x12B)
[0706/191736.882:ERROR:process_memory_win.cc(73)] ReadMemory at 0x1bd7b6b5480 of 62 bytes failed: Only part of a ReadProcessMemory or WriteProcessMemory request was completed. (0x12B)
[0706/191736.882:ERROR:process_memory_win.cc(73)] ReadMemory at 0x1bd7b6b54d0 of 62 bytes failed: Only part of a ReadProcessMemory or WriteProcessMemory request was completed. (0x12B)
[0706/191736.882:ERROR:process_memory_win.cc(73)] ReadMemory at 0x1bd7b6b5520 of 62 bytes failed: Only part of a ReadProcessMemory or WriteProcessMemory request was completed. (0x12B)
[0706/191736.882:ERROR:process_memory_win.cc(73)] ReadMemory at 0x1bd7b6b55c0 of 62 bytes failed: Only part of a ReadProcessMemory or WriteProcessMemory request was completed. (0x12B)
[0706/191736.882:ERROR:process_memory_win.cc(73)] ReadMemory at 0x1bd7b6b56b0 of 60 bytes failed: Only part of a ReadProcessMemory or WriteProcessMemory request was completed. (0x12B)
[0706/191736.882:ERROR:process_memory_win.cc(73)] ReadMemory at 0x1bd7b6b5930 of 64 bytes failed: Only part of a ReadProcessMemory or WriteProcessMemory request was completed. (0x12B)
[0706/191736.882:ERROR:process_memory_win.cc(73)] ReadMemory at 0x1bd7b6b5980 of 60 bytes failed: Only part of a ReadProcessMemory or WriteProcessMemory request was completed. (0x12B)
[0706/191736.882:ERROR:process_memory_win.cc(73)] ReadMemory at 0x1bd7b6b5a20 of 62 bytes failed: Only part of a ReadProcessMemory or WriteProcessMemory request was completed. (0x12B)
[0706/191736.882:ERROR:process_memory_win.cc(73)] ReadMemory at 0x1bd7b6b5c00 of 62 bytes failed: Only part of a ReadProcessMemory or WriteProcessMemory request was completed. (0x12B)
[0706/191736.882:ERROR:process_memory_win.cc(73)] ReadMemory at 0x1bd7b6b5c50 of 64 bytes failed: Only part of a ReadProcessMemory or WriteProcessMemory request was completed. (0x12B)
[0706/191736.882:ERROR:process_memory_win.cc(73)] ReadMemory at 0x1bd7b6b5e80 of 64 bytes failed: Only part of a ReadProcessMemory or WriteProcessMemory request was completed. (0x12B)
[0706/191736.882:ERROR:process_memory_win.cc(73)] ReadMemory at 0x1bd7b6b5f70 of 64 bytes failed: Only part of a ReadProcessMemory or WriteProcessMemory request was completed. (0x12B)
[0706/191736.882:ERROR:process_memory_win.cc(73)] ReadMemory at 0x1bd7b6b6830 of 132 bytes failed: Only part of a ReadProcessMemory or WriteProcessMemory request was completed. (0x12B)
[0706/191736.882:ERROR:process_memory_win.cc(73)] ReadMemory at 0x1bd7b6b6bc0 of 132 bytes failed: Only part of a ReadProcessMemory or WriteProcessMemory request was completed. (0x12B)
[0706/191736.882:ERROR:process_memory_win.cc(73)] ReadMemory at 0x1bd7b6b7080 of 132 bytes failed: Only part of a ReadProcessMemory or WriteProcessMemory request was completed. (0x12B)
[0706/191736.882:ERROR:process_memory_win.cc(73)] ReadMemory at 0x1bd7b6b71b0 of 132 bytes failed: Only part of a ReadProcessMemory or WriteProcessMemory request was completed. (0x12B)
[0706/191736.882:ERROR:process_memory_win.cc(73)] ReadMemory at 0x1bd7b6b7540 of 132 bytes failed: Only part of a ReadProcessMemory or WriteProcessMemory request was completed. (0x12B)
[0706/191736.882:ERROR:process_memory_win.cc(73)] ReadMemory at 0x1bd7b6b7670 of 132 bytes failed: Only part of a ReadProcessMemory or WriteProcessMemory request was completed. (0x12B)
[0706/191736.882:ERROR:process_memory_win.cc(73)] ReadMemory at 0x1bd7b6b7c60 of 132 bytes failed: Only part of a ReadProcessMemory or WriteProcessMemory request was completed. (0x12B)
[0706/191736.882:ERROR:process_memory_win.cc(73)] ReadMemory at 0x1bd7b6b7ff0 of 132 bytes failed: Only part of a ReadProcessMemory or WriteProcessMemory request was completed. (0x12B)
[0706/191736.882:ERROR:process_memory_win.cc(73)] ReadMemory at 0x1bd7b6b8120 of 132 bytes failed: Only part of a ReadProcessMemory or WriteProcessMemory request was completed. (0x12B)
[0706/191736.882:ERROR:process_memory_win.cc(73)] ReadMemory at 0x1bd7b6b8380 of 132 bytes failed: Only part of a ReadProcessMemory or WriteProcessMemory request was completed. (0x12B)
[0706/191736.882:ERROR:process_memory_win.cc(73)] ReadMemory at 0x1bd7b6cc0f0 of 512 bytes failed: Only part of a ReadProcessMemory or WriteProcessMemory request was completed. (0x12B)
[0706/191736.882:ERROR:process_memory_win.cc(73)] ReadMemory at 0x1bd7b6ccf20 of 560 bytes failed: Only part of a ReadProcessMemory or WriteProcessMemory request was completed. (0x12B)
[0706/191736.882:ERROR:process_memory_win.cc(73)] ReadMemory at 0x622969a8b5e8 of 512 bytes failed: Only part of a ReadProcessMemory or WriteProcessMemory request was completed. (0x12B)
[0706/191736.882:ERROR:process_memory_win.cc(73)] ReadMemory at 0x7ffe5b6f2a10 of 512 bytes failed: Only part of a ReadProcessMemory or WriteProcessMemory request was completed. (0x12B)
[0706/191736.882:ERROR:process_memory_win.cc(73)] ReadMemory at 0x7ffe5ba4407c of 512 bytes failed: Only part of a ReadProcessMemory or WriteProcessMemory request was completed. (0x12B)
[0706/191736.882:ERROR:process_memory_win.cc(73)] ReadMemory at 0x7ffe5bfb8cfc of 512 bytes failed: Only part of a ReadProcessMemory or WriteProcessMemory request was completed. (0x12B)
[0706/191736.882:ERROR:process_memory_win.cc(73)] ReadMemory at 0x7ffe5cee67e1 of 512 bytes failed: Only part of a ReadProcessMemory or WriteProcessMemory request was completed. (0x12B)
[0706/191736.882:ERROR:process_memory_win.cc(73)] ReadMemory at 0x7ffe6113a568 of 512 bytes failed: Only part of a ReadProcessMemory or WriteProcessMemory request was completed. (0x12B)
[0706/191736.882:ERROR:process_memory_win.cc(73)] ReadMemory at 0x7ffe614395e8 of 512 bytes failed: Only part of a ReadProcessMemory or WriteProcessMemory request was completed. (0x12B)
[0706/191736.882:ERROR:process_memory_win.cc(73)] ReadMemory at 0x7ffea5b7c0c4 of 672 bytes failed: Only part of a ReadProcessMemory or WriteProcessMemory request was completed. (0x12B)
[0706/191736.882:ERROR:process_memory_win.cc(73)] ReadMemory at 0x7ffea5b7c6c4 of 512 bytes failed: Only part of a ReadProcessMemory or WriteProcessMemory request was completed. (0x12B)
[0706/191736.882:ERROR:process_memory_win.cc(73)] ReadMemory at 0x7ffea5b7f974 of 608 bytes failed: Only part of a ReadProcessMemory or WriteProcessMemory request was completed. (0x12B)
[0706/191736.890:ERROR:process_memory_win.cc(73)] ReadMemory at 0x7ffea5c0c428 of 18 bytes failed: Only part of a ReadProcessMemory or WriteProcessMemory request was completed. (0x12B)
[0706/191736.890:ERROR:process_memory_win.cc(73)] ReadMemory at 0x7ffea5c3f4f8 of 40 bytes failed: Only part of a ReadProcessMemory or WriteProcessMemory request was completed. (0x12B)
[0706/191736.890:ERROR:process_memory_win.cc(73)] ReadMemory at 0x7ffea5c3f978 of 48 bytes failed: Only part of a ReadProcessMemory or WriteProcessMemory request was completed. (0x12B)
[0706/191736.890:ERROR:process_memory_win.cc(73)] ReadMemory at 0x7ffea5c453c0 of 64 bytes failed: Only part of a ReadProcessMemory or WriteProcessMemory request was completed. (0x12B)
[0706/191736.890:ERROR:scoped_process_suspend.cc(40)] NtResumeProcess: An attempt was made to access an exiting process. (0xc000010a)
